                                 Started job on |	Sep 17 15:36:37
                             Started mapping on |	Sep 17 15:38:45
                                    Finished on |	Sep 17 15:39:51
       Mapping speed, Million of reads per hour |	980.40

                          Number of input reads |	17973953
                      Average input read length |	40
                                    UNIQUE READS:
                   Uniquely mapped reads number |	11081293
                        Uniquely mapped reads % |	61.65%
                          Average mapped length |	40.63
                       Number of splices: Total |	1105312
            Number of splices: Annotated (sjdb) |	1103800
                       Number of splices: GT/AG |	1098288
                       Number of splices: GC/AG |	4957
                       Number of splices: AT/AC |	521
               Number of splices: Non-canonical |	1546
                      Mismatch rate per base, % |	0.09%
                         Deletion rate per base |	0.00%
                        Deletion average length |	1.38
                        Insertion rate per base |	0.00%
                       Insertion average length |	1.15
                             MULTI-MAPPING READS:
        Number of reads mapped to multiple loci |	6574826
             % of reads mapped to multiple loci |	36.58%
        Number of reads mapped to too many loci |	316075
             % of reads mapped to too many loci |	1.76%
                                  UNMAPPED READS:
       % of reads unmapped: too many mismatches |	0.00%
                 % of reads unmapped: too short |	0.00%
                     % of reads unmapped: other |	0.01%
                                  CHIMERIC READS:
                       Number of chimeric reads |	0
                            % of chimeric reads |	0.00%
