                                 Started job on |	Sep 17 15:34:11
                             Started mapping on |	Sep 17 15:36:09
                                    Finished on |	Sep 17 15:36:56
       Mapping speed, Million of reads per hour |	782.61

                          Number of input reads |	10217373
                      Average input read length |	40
                                    UNIQUE READS:
                   Uniquely mapped reads number |	6606725
                        Uniquely mapped reads % |	64.66%
                          Average mapped length |	40.60
                       Number of splices: Total |	622867
            Number of splices: Annotated (sjdb) |	621947
                       Number of splices: GT/AG |	618446
                       Number of splices: GC/AG |	3046
                       Number of splices: AT/AC |	510
               Number of splices: Non-canonical |	865
                      Mismatch rate per base, % |	0.10%
                         Deletion rate per base |	0.00%
                        Deletion average length |	1.39
                        Insertion rate per base |	0.00%
                       Insertion average length |	1.12
                             MULTI-MAPPING READS:
        Number of reads mapped to multiple loci |	3463415
             % of reads mapped to multiple loci |	33.90%
        Number of reads mapped to too many loci |	145876
             % of reads mapped to too many loci |	1.43%
                                  UNMAPPED READS:
       % of reads unmapped: too many mismatches |	0.00%
                 % of reads unmapped: too short |	0.00%
                     % of reads unmapped: other |	0.01%
                                  CHIMERIC READS:
                       Number of chimeric reads |	0
                            % of chimeric reads |	0.00%
