                                 Started job on |	Sep 17 15:34:12
                             Started mapping on |	Sep 17 15:36:00
                                    Finished on |	Sep 17 15:36:26
       Mapping speed, Million of reads per hour |	782.17

                          Number of input reads |	5649002
                      Average input read length |	40
                                    UNIQUE READS:
                   Uniquely mapped reads number |	3644058
                        Uniquely mapped reads % |	64.51%
                          Average mapped length |	40.60
                       Number of splices: Total |	307510
            Number of splices: Annotated (sjdb) |	306967
                       Number of splices: GT/AG |	305424
                       Number of splices: GC/AG |	1454
                       Number of splices: AT/AC |	192
               Number of splices: Non-canonical |	440
                      Mismatch rate per base, % |	0.10%
                         Deletion rate per base |	0.00%
                        Deletion average length |	1.44
                        Insertion rate per base |	0.00%
                       Insertion average length |	1.17
                             MULTI-MAPPING READS:
        Number of reads mapped to multiple loci |	1923020
             % of reads mapped to multiple loci |	34.04%
        Number of reads mapped to too many loci |	81228
             % of reads mapped to too many loci |	1.44%
                                  UNMAPPED READS:
       % of reads unmapped: too many mismatches |	0.00%
                 % of reads unmapped: too short |	0.00%
                     % of reads unmapped: other |	0.01%
                                  CHIMERIC READS:
                       Number of chimeric reads |	0
                            % of chimeric reads |	0.00%
