                                 Started job on |	Sep 17 15:34:12
                             Started mapping on |	Sep 17 15:36:45
                                    Finished on |	Sep 17 15:37:38
       Mapping speed, Million of reads per hour |	842.50

                          Number of input reads |	12403451
                      Average input read length |	40
                                    UNIQUE READS:
                   Uniquely mapped reads number |	7250077
                        Uniquely mapped reads % |	58.45%
                          Average mapped length |	40.62
                       Number of splices: Total |	653204
            Number of splices: Annotated (sjdb) |	652251
                       Number of splices: GT/AG |	649810
                       Number of splices: GC/AG |	2398
                       Number of splices: AT/AC |	300
               Number of splices: Non-canonical |	696
                      Mismatch rate per base, % |	0.10%
                         Deletion rate per base |	0.00%
                        Deletion average length |	1.40
                        Insertion rate per base |	0.00%
                       Insertion average length |	1.16
                             MULTI-MAPPING READS:
        Number of reads mapped to multiple loci |	4920745
             % of reads mapped to multiple loci |	39.67%
        Number of reads mapped to too many loci |	231402
             % of reads mapped to too many loci |	1.87%
                                  UNMAPPED READS:
       % of reads unmapped: too many mismatches |	0.00%
                 % of reads unmapped: too short |	0.00%
                     % of reads unmapped: other |	0.01%
                                  CHIMERIC READS:
                       Number of chimeric reads |	0
                            % of chimeric reads |	0.00%
